<?xml version="1.0" encoding="UTF-8"?>
<!-- Generated by org.testng.reporters.JUnitReportReporter -->
<testsuite hostname="DESKTOP-B84KNI1" failures="0" tests="2" name="testNgpractice.Two" time="0.017" errors="0" timestamp="2024-03-06T11:14:10 IST" skipped="0">
  <testcase classname="testNgpractice.Two" name="hello" time="0.012"/>
  <system-out/>
  <testcase classname="testNgpractice.Two" name="bye" time="0.005"/>
  <system-out/>
</testsuite> <!-- testNgpractice.Two -->
