<?xml version="1.0" encoding="UTF-8"?>
<!-- Generated by org.testng.reporters.JUnitReportReporter -->
<testsuite hostname="DESKTOP-B84KNI1" failures="0" tests="3" name="testNgpractice.One" time="0.052" errors="0" timestamp="2024-03-06T11:14:10 IST" skipped="0">
  <testcase classname="testNgpractice.One" name="new1" time="0.036"/>
  <system-out/>
  <testcase classname="testNgpractice.One" name="old_1" time="0.009"/>
  <system-out/>
  <testcase classname="testNgpractice.One" name="old" time="0.007"/>
  <system-out/>
</testsuite> <!-- testNgpractice.One -->
