<?xml version="1.0" encoding="UTF-8"?>
<!-- Generated by org.testng.reporters.JUnitReportReporter -->
<testsuite hostname="DESKTOP-B84KNI1" failures="0" tests="4" name="practice.TestNgPractice" time="0.032" errors="0" timestamp="2024-03-06T10:57:55 IST" skipped="1">
  <testcase classname="practice.TestNgPractice" name="bye" time="0.009"/>
  <system-out/>
  <testcase classname="practice.TestNgPractice" name="abc" time="0.018"/>
  <system-out/>
  <testcase classname="practice.TestNgPractice" name="hello" time="0.005"/>
  <system-out/>
  <testcase classname="practice.TestNgPractice" name="$abc_12">
    <skipped/>
  </testcase> <!-- $abc_12 -->
  <system-out/>
</testsuite> <!-- practice.TestNgPractice -->
